{
  "RSpec": {
    "coverage": {
      "/Users/s2an/turing/4mod/pr_tracker/config/environment.rb": {
        "lines": [
          null,
          1,
          null,
          null,
          1
        ]
      },
      "/Users/s2an/turing/4mod/pr_tracker/config/application.rb": {
        "lines": [
          1,
          null,
          1,
          null,
          1,
          1,
          1,
          1,
          1,
          1,
          1,
          1,
          1,
          1,
          null,
          null,
          null,
          null,
          1,
          null,
          1,
          1,
          null,
          1,
          null,
          null,
          null,
          null,
          1,
          null,
          null,
          null,
          null,
          null,
          null,
          null,
          null,
          null,
          null,
          1,
          null,
          null
        ]
      },
      "/Users/s2an/turing/4mod/pr_tracker/config/boot.rb": {
        "lines": [
          1,
          null,
          1,
          1
        ]
      },
      "/Users/s2an/turing/4mod/pr_tracker/config/environments/test.rb": {
        "lines": [
          1,
          null,
          null,
          null,
          null,
          null,
          null,
          1,
          null,
          null,
          null,
          1,
          null,
          null,
          null,
          null,
          null,
          1,
          null,
          null,
          1,
          1,
          null,
          null,
          null,
          null,
          1,
          1,
          1,
          null,
          null,
          1,
          null,
          null,
          1,
          null,
          null,
          1,
          null,
          1,
          null,
          null,
          null,
          null,
          1,
          null,
          null,
          1,
          null,
          null,
          1,
          null,
          null,
          1,
          null,
          null,
          null,
          null,
          null,
          null,
          null,
          null,
          1,
          null
        ]
      },
      "/Users/s2an/turing/4mod/pr_tracker/config/initializers/assets.rb": {
        "lines": [
          null,
          null,
          null,
          1,
          null,
          null,
          null,
          null,
          null,
          null,
          null,
          null
        ]
      },
      "/Users/s2an/turing/4mod/pr_tracker/config/initializers/content_security_policy.rb": {
        "lines": [
          null,
          null,
          null,
          null,
          null,
          null,
          null,
          null,
          null,
          null,
          null,
          null,
          null,
          null,
          null,
          null,
          null,
          null,
          null,
          null,
          null,
          null,
          null,
          null,
          null
        ]
      },
      "/Users/s2an/turing/4mod/pr_tracker/config/initializers/filter_parameter_logging.rb": {
        "lines": [
          null,
          null,
          null,
          null,
          null,
          1,
          null,
          null
        ]
      },
      "/Users/s2an/turing/4mod/pr_tracker/config/initializers/inflections.rb": {
        "lines": [
          null,
          null,
          null,
          null,
          null,
          null,
          null,
          null,
          null,
          null,
          null,
          null,
          null,
          null,
          null,
          null
        ]
      },
      "/Users/s2an/turing/4mod/pr_tracker/config/initializers/permissions_policy.rb": {
        "lines": [
          null,
          null,
          null,
          null,
          null,
          null,
          null,
          null,
          null,
          null,
          null,
          null,
          null
        ]
      },
      "/Users/s2an/turing/4mod/pr_tracker/config/routes.rb": {
        "lines": [
          1,
          null,
          null,
          null,
          null,
          1,
          null,
          null,
          null,
          null
        ]
      },
      "/Users/s2an/turing/4mod/pr_tracker/app/helpers/application_helper.rb": {
        "lines": [
          1,
          null
        ]
      },
      "/Users/s2an/turing/4mod/pr_tracker/app/models/athlete.rb": {
        "lines": [
          1,
          1,
          1,
          null,
          1,
          1,
          1,
          1,
          1,
          null
        ]
      },
      "/Users/s2an/turing/4mod/pr_tracker/app/models/application_record.rb": {
        "lines": [
          1,
          1,
          null
        ]
      },
      "/Users/s2an/turing/4mod/pr_tracker/spec/models/goal_spec.rb": {
        "lines": [
          1,
          null,
          1,
          1,
          2,
          2,
          2,
          2,
          null,
          null,
          1,
          2,
          2,
          null,
          null
        ]
      },
      "/Users/s2an/turing/4mod/pr_tracker/app/models/goal.rb": {
        "lines": [
          1,
          1,
          1,
          null,
          1,
          1,
          null
        ]
      },
      "/Users/s2an/turing/4mod/pr_tracker/spec/models/movement_spec.rb": {
        "lines": [
          1,
          null,
          1,
          1,
          2,
          2,
          2,
          2,
          null,
          null,
          1,
          2,
          2,
          null,
          null
        ]
      },
      "/Users/s2an/turing/4mod/pr_tracker/app/models/movement.rb": {
        "lines": [
          1,
          1,
          null,
          1,
          1,
          1,
          1,
          1,
          null
        ]
      },
      "/Users/s2an/turing/4mod/pr_tracker/spec/models/progress_movement_spec.rb": {
        "lines": [
          1,
          null,
          1,
          1,
          2,
          2,
          null,
          null
        ]
      },
      "/Users/s2an/turing/4mod/pr_tracker/app/models/progress_movement.rb": {
        "lines": [
          1,
          1,
          1,
          null
        ]
      },
      "/Users/s2an/turing/4mod/pr_tracker/spec/models/progress_spec.rb": {
        "lines": [
          1,
          null,
          1,
          1,
          2,
          2,
          2,
          2,
          null,
          null,
          1,
          2,
          2,
          2,
          null,
          null
        ]
      },
      "/Users/s2an/turing/4mod/pr_tracker/app/models/progress.rb": {
        "lines": [
          1,
          1,
          1,
          null,
          1,
          1,
          1,
          null
        ]
      },
      "/Users/s2an/turing/4mod/pr_tracker/spec/models/user_spec.rb": {
        "lines": [
          1,
          null,
          1,
          1,
          2,
          2,
          2,
          2,
          null,
          null,
          1,
          2,
          null,
          null
        ]
      },
      "/Users/s2an/turing/4mod/pr_tracker/app/models/user.rb": {
        "lines": [
          1,
          1,
          1,
          null,
          1,
          null
        ]
      }
    },
    "timestamp": 1716311917
  }
}
